<?xml version="1.0" encoding="UTF-8"?>
<!-- Generated by org.testng.reporters.JUnitXMLReporter -->
<testsuite hostname="Akanksha-Bhagwananis-MacBook-Pro.local" name="AllTests" tests="4" failures="0" timestamp="30 Sep 2015 09:55:15 GMT" time="0.502" errors="0">
  <testcase name="ValidateAPIResponses" time="0.137" classname="Test.WeatherAPITestDriver"/>
  <testcase name="ValidateAPIResponses" time="0.105" classname="Test.WeatherAPITestDriver"/>
  <testcase name="ValidateAPIResponses" time="0.12" classname="Test.WeatherAPITestDriver"/>
  <testcase name="ValidateAPIResponses" time="0.082" classname="Test.WeatherAPITestDriver"/>
</testsuite> <!-- AllTests -->
