<?xml version="1.0" encoding="UTF-8"?>
<!-- Generated by org.testng.reporters.JUnitXMLReporter -->
<testsuite hostname="Akanksha-Bhagwananis-MacBook-Pro.local" name="Default test" tests="4" failures="0" timestamp="28 Sep 2015 14:18:53 GMT" time="0.744" errors="0">
  <testcase name="testFunction" time="0.453" classname="Test.WeatherAPITestDriver"/>
  <testcase name="testFunction" time="0.1" classname="Test.WeatherAPITestDriver"/>
  <testcase name="testFunction" time="0.081" classname="Test.WeatherAPITestDriver"/>
  <testcase name="testFunction" time="0.08" classname="Test.WeatherAPITestDriver"/>
</testsuite> <!-- Default test -->
